Start testing: Mar 10 17:39 CET
----------------------------------------------------------
1/1 Testing: air_quality_pl_tests
1/1 Test: air_quality_pl_tests
Command: "/Users/bartoszgorecki/dev/air-quality-pl/build-cmake/air_quality_pl_tests"
Directory: /Users/bartoszgorecki/dev/air-quality-pl/build-cmake
"air_quality_pl_tests" start time: Mar 10 17:39 CET
Output:
----------------------------------------------------------
********* Start testing of CoreTests *********
Config: Using QtTest library 6.10.2, Qt 6.10.2 (arm64-little_endian-lp64 shared (dynamic) release build; by Apple LLVM 16.0.0 (clang-1600.0.26.3)), macos 26.3.0
PASS   : CoreTests::initTestCase()
PASS   : CoreTests::analyzerComputesStats()
PASS   : CoreTests::analyzerRejectsEmptySeries()
PASS   : CoreTests::localDbStoresAndLoadsHistory()
PASS   : CoreTests::localDbReportsInvalidJson()
PASS   : CoreTests::parsersHandleLocalizedStationsPayload()
PASS   : CoreTests::parsersHandleLocalizedSensorsPayload()
PASS   : CoreTests::parsersHandleLocalizedMeasurementsPayload()
PASS   : CoreTests::parsersRejectMalformedPayload()
PASS   : CoreTests::cleanupTestCase()
Totals: 10 passed, 0 failed, 0 skipped, 0 blacklisted, 10ms
********* Finished testing of CoreTests *********
<end of output>
Test time =   0.04 sec
----------------------------------------------------------
Test Passed.
"air_quality_pl_tests" end time: Mar 10 17:39 CET
"air_quality_pl_tests" time elapsed: 00:00:00
----------------------------------------------------------

End testing: Mar 10 17:39 CET
